<?xml version="1.0" encoding="UTF-8"?>
<testsuites time="1.310">
<testsuite name="basic.bats" tests="2" failures="1" errors="0" skipped="0" time="1.310" timestamp="2025-09-16T23:52:33" hostname="runnervmf4ws1">
    <testcase classname="basic.bats" name="hello world stub test" time="0.011" />
    <testcase classname="basic.bats" name="can run too command with JSON format" time="1.299">
        <failure type="failure">(in test file basic.bats, line 42)
  `output=$(&quot;$LIVE_TESTS_DIR/run&quot; --format json &quot;$TEST_DIR/simple_test.sh&quot;)&#39; failed
&#27;[0;31mError: zsh not found&#27;[0m</failure>
    </testcase>

</testsuite>
</testsuites>
